<?xml version="1.0" encoding="UTF-8"?>
<!-- Generated by org.testng.reporters.JUnitReportReporter -->
<testsuite hostname="DESKTOP-VEA26TF" failures="0" tests="1" name="util.Google" time="4.023" errors="0" timestamp="2021-01-18T17:55:06 IST" skipped="0">
  <testcase classname="util.Google" name="gog" time="4.023"/>
  <system-out/>
</testsuite> <!-- util.Google -->
