<?xml version="1.0" encoding="UTF-8"?>
<!-- Generated by org.testng.reporters.JUnitReportReporter -->
<testsuite hostname="DESKTOP-VEA26TF" failures="0" tests="3" name="util.GetLogin" time="13.136" errors="0" timestamp="2021-01-19T10:46:42 IST" skipped="0">
  <testcase classname="util.GetLogin" name="login" time="3.799"/>
  <system-out/>
  <testcase classname="util.GetLogin" name="post" time="7.530"/>
  <system-out/>
  <testcase classname="util.GetLogin" name="out" time="1.807"/>
  <system-out/>
</testsuite> <!-- util.GetLogin -->
