<?xml version="1.0" encoding="UTF-8"?>
<!-- Generated by org.testng.reporters.JUnitReportReporter -->
<testsuite hostname="DESKTOP-VEA26TF" failures="0" tests="3" name="util.GetLogin" time="13.072" errors="0" timestamp="2021-01-19T11:15:31 IST" skipped="0">
  <testcase classname="util.GetLogin" name="login" time="3.469"/>
  <system-out/>
  <testcase classname="util.GetLogin" name="post" time="7.357"/>
  <system-out/>
  <testcase classname="util.GetLogin" name="out" time="2.246"/>
  <system-out/>
</testsuite> <!-- util.GetLogin -->
